<?xml version="1.0" encoding="UTF-8"?>
<testng-results skipped="0" failed="0" ignored="0" total="1" passed="1">
  <reporter-output>
  </reporter-output>
  <suite name="Default suite" duration-ms="14935" started-at="2018-01-25T10:04:08Z" finished-at="2018-01-25T10:04:23Z">
    <groups>
    </groups>
    <test name="Default test" duration-ms="14935" started-at="2018-01-25T10:04:08Z" finished-at="2018-01-25T10:04:23Z">
      <class name="test.selectdropdown">
        <test-method status="PASS" signature="getValues()[pri:0, instance:test.selectdropdown@68be2bc2]" name="getValues" duration-ms="14901" started-at="2018-01-25T15:34:08Z" finished-at="2018-01-25T15:34:23Z">
          <reporter-output>
          </reporter-output>
        </test-method> <!-- getValues -->
      </class> <!-- test.selectdropdown -->
    </test> <!-- Default test -->
  </suite> <!-- Default suite -->
</testng-results>
